[10-Jan-2025 20:53:05 UTC] Enqueued Scripts:
[10-Jan-2025 20:53:05 UTC] wp-block-template-skip-link -> 
[10-Jan-2025 20:53:05 UTC] gcc-scripts -> http://localhost:8888/wp-content/plugins/gdpr-cookie-manazer/assets/js/cookie-consent.js
[10-Jan-2025 20:53:19 UTC] Enqueued Scripts:
[10-Jan-2025 20:53:19 UTC] wp-block-template-skip-link -> 
[10-Jan-2025 20:53:19 UTC] gcc-scripts -> http://localhost:8888/wp-content/plugins/gdpr-cookie-manazer/assets/js/cookie-consent.js
[10-Jan-2025 20:53:22 UTC] Enqueued Scripts:
[10-Jan-2025 20:53:22 UTC] common -> /wp-admin/js/common.js
[10-Jan-2025 20:53:22 UTC] admin-bar -> /wp-includes/js/admin-bar.js
[10-Jan-2025 20:53:22 UTC] updates -> /wp-admin/js/updates.js
[10-Jan-2025 20:53:22 UTC] plugin-install -> /wp-admin/js/plugin-install.js
[10-Jan-2025 20:53:22 UTC] thickbox -> /wp-includes/js/thickbox/thickbox.js
[10-Jan-2025 20:53:22 UTC] utils -> /wp-includes/js/utils.js
[10-Jan-2025 20:53:22 UTC] svg-painter -> /wp-admin/js/svg-painter.js
[10-Jan-2025 20:53:22 UTC] wp-auth-check -> /wp-includes/js/wp-auth-check.js
[10-Jan-2025 20:53:47 UTC] Enqueued Scripts:
[10-Jan-2025 20:53:47 UTC] wp-block-template-skip-link -> 
[10-Jan-2025 20:53:47 UTC] gcc-scripts -> http://localhost:8888/wp-content/plugins/gdpr-cookie-manazer/assets/js/cookie-consent.js
[10-Jan-2025 20:54:48 UTC] Enqueued Scripts:
[10-Jan-2025 20:54:48 UTC] common -> /wp-admin/js/common.js
[10-Jan-2025 20:54:48 UTC] admin-bar -> /wp-includes/js/admin-bar.js
[10-Jan-2025 20:54:48 UTC] updates -> /wp-admin/js/updates.js
[10-Jan-2025 20:54:48 UTC] plugin-install -> /wp-admin/js/plugin-install.js
[10-Jan-2025 20:54:48 UTC] thickbox -> /wp-includes/js/thickbox/thickbox.js
[10-Jan-2025 20:54:48 UTC] utils -> /wp-includes/js/utils.js
[10-Jan-2025 20:54:48 UTC] svg-painter -> /wp-admin/js/svg-painter.js
[10-Jan-2025 20:54:48 UTC] wp-auth-check -> /wp-includes/js/wp-auth-check.js
[10-Jan-2025 20:54:49 UTC] Enqueued Scripts:
[10-Jan-2025 20:54:49 UTC] common -> /wp-admin/js/common.js
[10-Jan-2025 20:54:49 UTC] admin-bar -> /wp-includes/js/admin-bar.js
[10-Jan-2025 20:54:49 UTC] updates -> /wp-admin/js/updates.js
[10-Jan-2025 20:54:49 UTC] plugin-install -> /wp-admin/js/plugin-install.js
[10-Jan-2025 20:54:49 UTC] thickbox -> /wp-includes/js/thickbox/thickbox.js
[10-Jan-2025 20:54:49 UTC] utils -> /wp-includes/js/utils.js
[10-Jan-2025 20:54:49 UTC] svg-painter -> /wp-admin/js/svg-painter.js
[10-Jan-2025 20:54:49 UTC] wp-auth-check -> /wp-includes/js/wp-auth-check.js
[10-Jan-2025 20:54:55 UTC] Enqueued Scripts:
[10-Jan-2025 20:54:55 UTC] wp-block-template-skip-link -> 
[10-Jan-2025 20:54:55 UTC] gcc-scripts -> http://localhost:8888/wp-content/plugins/gdpr-cookie-manazer/assets/js/cookie-consent.js
[10-Jan-2025 20:56:05 UTC] Enqueued Scripts:
[10-Jan-2025 20:56:05 UTC] wp-block-template-skip-link -> 
[10-Jan-2025 20:56:05 UTC] gcc-scripts -> http://localhost:8888/wp-content/plugins/gdpr-cookie-manazer/assets/js/cookie-consent.js
[10-Jan-2025 20:56:37 UTC] Enqueued Scripts:
[10-Jan-2025 20:56:37 UTC] wp-block-template-skip-link -> 
[10-Jan-2025 20:56:37 UTC] gcc-scripts -> http://localhost:8888/wp-content/plugins/gdpr-cookie-manazer/assets/js/cookie-consent.js
[10-Jan-2025 20:56:38 UTC] Enqueued Scripts:
[10-Jan-2025 20:56:38 UTC] wp-block-template-skip-link -> 
[10-Jan-2025 20:56:38 UTC] gcc-scripts -> http://localhost:8888/wp-content/plugins/gdpr-cookie-manazer/assets/js/cookie-consent.js
[10-Jan-2025 20:56:40 UTC] Enqueued Scripts:
[10-Jan-2025 20:56:40 UTC] wp-block-template-skip-link -> 
[10-Jan-2025 20:56:40 UTC] gcc-scripts -> http://localhost:8888/wp-content/plugins/gdpr-cookie-manazer/assets/js/cookie-consent.js
[10-Jan-2025 20:56:43 UTC] Enqueued Scripts:
[10-Jan-2025 20:56:43 UTC] common -> /wp-admin/js/common.js
[10-Jan-2025 20:56:43 UTC] admin-bar -> /wp-includes/js/admin-bar.js
[10-Jan-2025 20:56:43 UTC] updates -> /wp-admin/js/updates.js
[10-Jan-2025 20:56:43 UTC] plugin-install -> /wp-admin/js/plugin-install.js
[10-Jan-2025 20:56:43 UTC] thickbox -> /wp-includes/js/thickbox/thickbox.js
[10-Jan-2025 20:56:43 UTC] utils -> /wp-includes/js/utils.js
[10-Jan-2025 20:56:43 UTC] svg-painter -> /wp-admin/js/svg-painter.js
[10-Jan-2025 20:56:43 UTC] wp-auth-check -> /wp-includes/js/wp-auth-check.js
[10-Jan-2025 20:57:53 UTC] Enqueued Scripts:
[10-Jan-2025 20:57:53 UTC] wp-block-template-skip-link -> 
[10-Jan-2025 20:57:53 UTC] gcc-scripts -> http://localhost:8888/wp-content/plugins/gdpr-cookie-manazer/assets/js/cookie-consent.js
[10-Jan-2025 20:58:55 UTC] Enqueued Scripts:
[10-Jan-2025 20:58:55 UTC] wp-block-template-skip-link -> 
[10-Jan-2025 20:58:55 UTC] gcc-scripts -> http://localhost:8888/wp-content/plugins/gdpr-cookie-manazer/assets/js/cookie-consent.js
[10-Jan-2025 20:58:57 UTC] Enqueued Scripts:
[10-Jan-2025 20:58:57 UTC] wp-block-template-skip-link -> 
[10-Jan-2025 20:58:57 UTC] gcc-scripts -> http://localhost:8888/wp-content/plugins/gdpr-cookie-manazer/assets/js/cookie-consent.js
[10-Jan-2025 20:59:42 UTC] Enqueued Scripts:
[10-Jan-2025 20:59:42 UTC] wp-block-template-skip-link -> 
[10-Jan-2025 20:59:42 UTC] gcc-scripts -> http://localhost:8888/wp-content/plugins/gdpr-cookie-manazer/assets/js/cookie-consent.js
[10-Jan-2025 21:00:44 UTC] Enqueued Scripts:
[10-Jan-2025 21:00:44 UTC] wp-block-template-skip-link -> 
[10-Jan-2025 21:00:44 UTC] gcc-scripts -> http://localhost:8888/wp-content/plugins/gdpr-cookie-manazer/assets/js/cookie-consent.js
[10-Jan-2025 21:00:45 UTC] Enqueued Scripts:
[10-Jan-2025 21:00:45 UTC] wp-block-template-skip-link -> 
[10-Jan-2025 21:00:45 UTC] gcc-scripts -> http://localhost:8888/wp-content/plugins/gdpr-cookie-manazer/assets/js/cookie-consent.js
[10-Jan-2025 21:00:45 UTC] Enqueued Scripts:
[10-Jan-2025 21:00:45 UTC] wp-block-template-skip-link -> 
[10-Jan-2025 21:00:45 UTC] gcc-scripts -> http://localhost:8888/wp-content/plugins/gdpr-cookie-manazer/assets/js/cookie-consent.js
[10-Jan-2025 21:00:45 UTC] Enqueued Scripts:
[10-Jan-2025 21:00:45 UTC] wp-block-template-skip-link -> 
[10-Jan-2025 21:00:45 UTC] gcc-scripts -> http://localhost:8888/wp-content/plugins/gdpr-cookie-manazer/assets/js/cookie-consent.js
[10-Jan-2025 21:00:58 UTC] Enqueued Scripts:
[10-Jan-2025 21:00:58 UTC] wp-block-template-skip-link -> 
[10-Jan-2025 21:00:58 UTC] gcc-scripts -> http://localhost:8888/wp-content/plugins/gdpr-cookie-manazer/assets/js/cookie-consent.js
[10-Jan-2025 21:01:02 UTC] Enqueued Scripts:
[10-Jan-2025 21:01:02 UTC] wp-block-template-skip-link -> 
[10-Jan-2025 21:01:02 UTC] gcc-scripts -> http://localhost:8888/wp-content/plugins/gdpr-cookie-manazer/assets/js/cookie-consent.js
[10-Jan-2025 21:01:43 UTC] Enqueued Scripts:
[10-Jan-2025 21:01:43 UTC] wp-block-template-skip-link -> 
[10-Jan-2025 21:01:43 UTC] gcc-scripts -> http://localhost:8888/wp-content/plugins/gdpr-cookie-manazer/assets/js/cookie-consent.js
[10-Jan-2025 21:01:43 UTC] Adding cookie banner
[10-Jan-2025 21:01:54 UTC] Enqueued Scripts:
[10-Jan-2025 21:01:54 UTC] wp-block-template-skip-link -> 
[10-Jan-2025 21:01:54 UTC] gcc-scripts -> http://localhost:8888/wp-content/plugins/gdpr-cookie-manazer/assets/js/cookie-consent.js
[10-Jan-2025 21:01:54 UTC] Adding cookie banner
[10-Jan-2025 21:02:13 UTC] Enqueued Scripts:
[10-Jan-2025 21:02:13 UTC] wp-block-template-skip-link -> 
[10-Jan-2025 21:02:13 UTC] gcc-scripts -> http://localhost:8888/wp-content/plugins/gdpr-cookie-manazer/assets/js/cookie-consent.js
[10-Jan-2025 21:02:13 UTC] Adding cookie banner
